{"C:\\Users\\kakhi\\OneDrive\\Documents\\projects\\problem\\src\\App.css": {"path":"C:\\Users\\kakhi\\OneDrive\\Documents\\projects\\problem\\src\\App.css","statementMap":{},"fnMap":{},"branchMap":{},"s":{},"f":{},"b":{},"meta":{"lastBranch":0,"lastFunction":0,"lastStatement":0,"seen":{},"fnNames":{}}}
,"C:\\Users\\kakhi\\OneDrive\\Documents\\projects\\problem\\src\\App.tsx": {"path":"C:\\Users\\kakhi\\OneDrive\\Documents\\projects\\problem\\src\\App.tsx","statementMap":{"0":{"start":{"line":21,"column":28},"end":{"line":21,"column":null}},"1":{"start":{"line":22,"column":30},"end":{"line":22,"column":null}},"2":{"start":{"line":23,"column":44},"end":{"line":23,"column":null}},"3":{"start":{"line":25,"column":2},"end":{"line":30,"column":null}},"4":{"start":{"line":26,"column":21},"end":{"line":28,"column":null}},"5":{"start":{"line":27,"column":6},"end":{"line":27,"column":null}},"6":{"start":{"line":27,"column":33},"end":{"line":27,"column":41}},"7":{"start":{"line":29,"column":4},"end":{"line":29,"column":null}},"8":{"start":{"line":29,"column":17},"end":{"line":29,"column":null}},"9":{"start":{"line":32,"column":8},"end":{"line":36,"column":null}},"10":{"start":{"line":33,"column":4},"end":{"line":33,"column":null}},"11":{"start":{"line":34,"column":4},"end":{"line":34,"column":null}},"12":{"start":{"line":35,"column":4},"end":{"line":35,"column":null}},"13":{"start":{"line":35,"column":21},"end":{"line":35,"column":39}},"14":{"start":{"line":38,"column":2},"end":{"line":190,"column":null}},"15":{"start":{"line":119,"column":56},"end":{"line":119,"column":80}},"16":{"start":{"line":119,"column":72},"end":{"line":119,"column":77}},"17":{"start":{"line":123,"column":56},"end":{"line":123,"column":80}},"18":{"start":{"line":123,"column":72},"end":{"line":123,"column":77}},"19":{"start":{"line":126,"column":56},"end":{"line":126,"column":69}}},"fnMap":{"0":{"name":"App","decl":{"start":{"line":20,"column":9},"end":{"line":20,"column":15}},"loc":{"start":{"line":20,"column":15},"end":{"line":192,"column":null}},"line":20},"1":{"name":"(anonymous_1)","decl":{"start":{"line":25,"column":2},"end":{"line":25,"column":18}},"loc":{"start":{"line":25,"column":18},"end":{"line":30,"column":5}},"line":25},"2":{"name":"(anonymous_2)","decl":{"start":{"line":26,"column":21},"end":{"line":26,"column":39}},"loc":{"start":{"line":26,"column":39},"end":{"line":28,"column":7}},"line":26},"3":{"name":"(anonymous_3)","decl":{"start":{"line":27,"column":6},"end":{"line":27,"column":24}},"loc":{"start":{"line":27,"column":33},"end":{"line":27,"column":41}},"line":27},"4":{"name":"(anonymous_4)","decl":{"start":{"line":29,"column":4},"end":{"line":29,"column":17}},"loc":{"start":{"line":29,"column":17},"end":{"line":29,"column":null}},"line":29},"5":{"name":"(anonymous_5)","decl":{"start":{"line":32,"column":8},"end":{"line":32,"column":28}},"loc":{"start":{"line":32,"column":28},"end":{"line":36,"column":null}},"line":32},"6":{"name":"(anonymous_6)","decl":{"start":{"line":35,"column":4},"end":{"line":35,"column":21}},"loc":{"start":{"line":35,"column":21},"end":{"line":35,"column":39}},"line":35},"7":{"name":"(anonymous_7)","decl":{"start":{"line":119,"column":41},"end":{"line":119,"column":56}},"loc":{"start":{"line":119,"column":56},"end":{"line":119,"column":80}},"line":119},"8":{"name":"(anonymous_8)","decl":{"start":{"line":119,"column":56},"end":{"line":119,"column":66}},"loc":{"start":{"line":119,"column":72},"end":{"line":119,"column":77}},"line":119},"9":{"name":"(anonymous_9)","decl":{"start":{"line":123,"column":41},"end":{"line":123,"column":56}},"loc":{"start":{"line":123,"column":56},"end":{"line":123,"column":80}},"line":123},"10":{"name":"(anonymous_10)","decl":{"start":{"line":123,"column":56},"end":{"line":123,"column":66}},"loc":{"start":{"line":123,"column":72},"end":{"line":123,"column":77}},"line":123},"11":{"name":"(anonymous_11)","decl":{"start":{"line":126,"column":41},"end":{"line":126,"column":56}},"loc":{"start":{"line":126,"column":56},"end":{"line":126,"column":69}},"line":126}},"branchMap":{"0":{"loc":{"start":{"line":92,"column":13},"end":{"line":93,"column":22}},"type":"cond-expr","locations":[{"start":{"line":92,"column":22},"end":{"line":92,"column":45}},{"start":{"line":92,"column":44},"end":{"line":93,"column":22}}],"line":92},"1":{"loc":{"start":{"line":93,"column":13},"end":{"line":93,"column":null}},"type":"cond-expr","locations":[{"start":{"line":93,"column":22},"end":{"line":93,"column":47}},{"start":{"line":93,"column":47},"end":{"line":93,"column":null}}],"line":93}},"s":{"0":19,"1":19,"2":19,"3":19,"4":6,"5":10,"6":10,"7":6,"8":6,"9":19,"10":1,"11":1,"12":1,"13":1,"14":19,"15":1,"16":1,"17":4,"18":4,"19":1},"f":{"0":19,"1":6,"2":10,"3":10,"4":6,"5":1,"6":1,"7":1,"8":1,"9":4,"10":4,"11":1},"b":{"0":[1,18],"1":[1,18]},"meta":{"lastBranch":2,"lastFunction":12,"lastStatement":20,"seen":{"f:20:9:20:15":0,"s:21:28:21:Infinity":0,"s:22:30:22:Infinity":1,"s:23:44:23:Infinity":2,"s:25:2:30:Infinity":3,"f:25:2:25:18":1,"s:26:21:28:Infinity":4,"f:26:21:26:39":2,"s:27:6:27:Infinity":5,"f:27:6:27:24":3,"s:27:33:27:41":6,"s:29:4:29:Infinity":7,"f:29:4:29:17":4,"s:29:17:29:Infinity":8,"s:32:8:36:Infinity":9,"f:32:8:32:28":5,"s:33:4:33:Infinity":10,"s:34:4:34:Infinity":11,"s:35:4:35:Infinity":12,"f:35:4:35:21":6,"s:35:21:35:39":13,"s:38:2:190:Infinity":14,"b:92:22:92:45:92:44:93:22":0,"b:93:22:93:47:93:47:93:Infinity":1,"f:119:41:119:56":7,"s:119:56:119:80":15,"f:119:56:119:66":8,"s:119:72:119:77":16,"f:123:41:123:56":9,"s:123:56:123:80":17,"f:123:56:123:66":10,"s:123:72:123:77":18,"f:126:41:126:56":11,"s:126:56:126:69":19},"fnNames":{}}}
,"C:\\Users\\kakhi\\OneDrive\\Documents\\projects\\problem\\src\\utils\\helpers.ts": {"path":"C:\\Users\\kakhi\\OneDrive\\Documents\\projects\\problem\\src\\utils\\helpers.ts","statementMap":{"0":{"start":{"line":6,"column":2},"end":{"line":6,"column":null}},"1":{"start":{"line":10,"column":2},"end":{"line":10,"column":null}},"2":{"start":{"line":10,"column":19},"end":{"line":10,"column":null}},"3":{"start":{"line":11,"column":2},"end":{"line":13,"column":null}},"4":{"start":{"line":12,"column":4},"end":{"line":12,"column":null}},"5":{"start":{"line":14,"column":15},"end":{"line":14,"column":null}},"6":{"start":{"line":15,"column":18},"end":{"line":15,"column":null}},"7":{"start":{"line":16,"column":2},"end":{"line":16,"column":null}},"8":{"start":{"line":20,"column":2},"end":{"line":20,"column":null}},"9":{"start":{"line":20,"column":53},"end":{"line":20,"column":null}},"10":{"start":{"line":21,"column":2},"end":{"line":21,"column":null}},"11":{"start":{"line":21,"column":34},"end":{"line":21,"column":null}},"12":{"start":{"line":22,"column":2},"end":{"line":22,"column":null}},"13":{"start":{"line":22,"column":29},"end":{"line":22,"column":null}},"14":{"start":{"line":23,"column":2},"end":{"line":23,"column":null}},"15":{"start":{"line":23,"column":56},"end":{"line":23,"column":null}},"16":{"start":{"line":24,"column":2},"end":{"line":24,"column":null}},"17":{"start":{"line":28,"column":2},"end":{"line":28,"column":null}}},"fnMap":{"0":{"name":"clampCount","decl":{"start":{"line":5,"column":16},"end":{"line":5,"column":27}},"loc":{"start":{"line":5,"column":73},"end":{"line":7,"column":null}},"line":5},"1":{"name":"formatRuntime","decl":{"start":{"line":9,"column":16},"end":{"line":9,"column":30}},"loc":{"start":{"line":9,"column":55},"end":{"line":17,"column":null}},"line":9},"2":{"name":"getStackCategory","decl":{"start":{"line":19,"column":16},"end":{"line":19,"column":33}},"loc":{"start":{"line":19,"column":54},"end":{"line":25,"column":null}},"line":19},"3":{"name":"generateCopyFeedback","decl":{"start":{"line":27,"column":16},"end":{"line":27,"column":37}},"loc":{"start":{"line":27,"column":64},"end":{"line":29,"column":null}},"line":27}},"branchMap":{"0":{"loc":{"start":{"line":5,"column":42},"end":{"line":5,"column":54}},"type":"default-arg","locations":[{"start":{"line":5,"column":48},"end":{"line":5,"column":54}}],"line":5},"1":{"loc":{"start":{"line":5,"column":54},"end":{"line":5,"column":73}},"type":"default-arg","locations":[{"start":{"line":5,"column":60},"end":{"line":5,"column":73}}],"line":5},"2":{"loc":{"start":{"line":10,"column":2},"end":{"line":10,"column":null}},"type":"if","locations":[{"start":{"line":10,"column":2},"end":{"line":10,"column":null}},{"start":{},"end":{}}],"line":10},"3":{"loc":{"start":{"line":11,"column":2},"end":{"line":13,"column":null}},"type":"if","locations":[{"start":{"line":11,"column":2},"end":{"line":13,"column":null}},{"start":{},"end":{}}],"line":11},"4":{"loc":{"start":{"line":20,"column":2},"end":{"line":20,"column":null}},"type":"if","locations":[{"start":{"line":20,"column":2},"end":{"line":20,"column":null}},{"start":{},"end":{}}],"line":20},"5":{"loc":{"start":{"line":20,"column":6},"end":{"line":20,"column":53}},"type":"binary-expr","locations":[{"start":{"line":20,"column":6},"end":{"line":20,"column":30}},{"start":{"line":20,"column":30},"end":{"line":20,"column":53}}],"line":20},"6":{"loc":{"start":{"line":21,"column":2},"end":{"line":21,"column":null}},"type":"if","locations":[{"start":{"line":21,"column":2},"end":{"line":21,"column":null}},{"start":{},"end":{}}],"line":21},"7":{"loc":{"start":{"line":22,"column":2},"end":{"line":22,"column":null}},"type":"if","locations":[{"start":{"line":22,"column":2},"end":{"line":22,"column":null}},{"start":{},"end":{}}],"line":22},"8":{"loc":{"start":{"line":23,"column":2},"end":{"line":23,"column":null}},"type":"if","locations":[{"start":{"line":23,"column":2},"end":{"line":23,"column":null}},{"start":{},"end":{}}],"line":23},"9":{"loc":{"start":{"line":23,"column":6},"end":{"line":23,"column":56}},"type":"binary-expr","locations":[{"start":{"line":23,"column":6},"end":{"line":23,"column":32}},{"start":{"line":23,"column":32},"end":{"line":23,"column":56}}],"line":23},"10":{"loc":{"start":{"line":28,"column":9},"end":{"line":28,"column":null}},"type":"cond-expr","locations":[{"start":{"line":28,"column":20},"end":{"line":28,"column":45}},{"start":{"line":28,"column":45},"end":{"line":28,"column":null}}],"line":28}},"s":{"0":4,"1":5,"2":1,"3":4,"4":2,"5":2,"6":2,"7":2,"8":6,"9":2,"10":4,"11":1,"12":3,"13":1,"14":2,"15":1,"16":1,"17":2},"f":{"0":4,"1":5,"2":6,"3":2},"b":{"0":[4],"1":[4],"2":[1,4],"3":[2,2],"4":[2,4],"5":[6,5],"6":[1,3],"7":[1,2],"8":[1,1],"9":[2,1],"10":[1,1]},"meta":{"lastBranch":11,"lastFunction":4,"lastStatement":18,"seen":{"f:5:16:5:27":0,"b:5:48:5:54":0,"b:5:60:5:73":1,"s:6:2:6:Infinity":0,"f:9:16:9:30":1,"b:10:2:10:Infinity:undefined:undefined:undefined:undefined":2,"s:10:2:10:Infinity":1,"s:10:19:10:Infinity":2,"b:11:2:13:Infinity:undefined:undefined:undefined:undefined":3,"s:11:2:13:Infinity":3,"s:12:4:12:Infinity":4,"s:14:15:14:Infinity":5,"s:15:18:15:Infinity":6,"s:16:2:16:Infinity":7,"f:19:16:19:33":2,"b:20:2:20:Infinity:undefined:undefined:undefined:undefined":4,"s:20:2:20:Infinity":8,"b:20:6:20:30:20:30:20:53":5,"s:20:53:20:Infinity":9,"b:21:2:21:Infinity:undefined:undefined:undefined:undefined":6,"s:21:2:21:Infinity":10,"s:21:34:21:Infinity":11,"b:22:2:22:Infinity:undefined:undefined:undefined:undefined":7,"s:22:2:22:Infinity":12,"s:22:29:22:Infinity":13,"b:23:2:23:Infinity:undefined:undefined:undefined:undefined":8,"s:23:2:23:Infinity":14,"b:23:6:23:32:23:32:23:56":9,"s:23:56:23:Infinity":15,"s:24:2:24:Infinity":16,"f:27:16:27:37":3,"s:28:2:28:Infinity":17,"b:28:20:28:45:28:45:28:Infinity":10},"fnNames":{}}}
}
